0:0:0:0:0:0:0:1 - - [09/Jan/2018:09:38:42 +0800] "POST /File/File/FileDownVul HTTP/1.1" 200 541
0:0:0:0:0:0:0:1 - - [09/Jan/2018:09:40:36 +0800] "POST /File/File/FileDownVul HTTP/1.1" 200 -
0:0:0:0:0:0:0:1 - - [09/Jan/2018:09:40:40 +0800] "POST /File/File/FileDownVul HTTP/1.1" 200 -
0:0:0:0:0:0:0:1 - - [09/Jan/2018:09:40:42 +0800] "POST /File/File/FileDownVul HTTP/1.1" 200 -
0:0:0:0:0:0:0:1 - - [09/Jan/2018:09:40:44 +0800] "POST /File/File/FileDownVul HTTP/1.1" 200 1129
0:0:0:0:0:0:0:1 - - [09/Jan/2018:09:43:30 +0800] "POST /File/File/FileDownVul HTTP/1.1" 200 1129
0:0:0:0:0:0:0:1 - - [09/Jan/2018:09:49:14 +0800] "POST /File/File/FileDownFormat HTTP/1.1" 200 -
0:0:0:0:0:0:0:1 - - [09/Jan/2018:09:49:15 +0800] "POST /File/File/FileDownFormat HTTP/1.1" 200 -
0:0:0:0:0:0:0:1 - - [09/Jan/2018:09:49:16 +0800] "POST /File/File/FileDownFormat HTTP/1.1" 200 -
0:0:0:0:0:0:0:1 - - [09/Jan/2018:09:49:16 +0800] "POST /File/File/FileDownFormat HTTP/1.1" 200 -
0:0:0:0:0:0:0:1 - - [09/Jan/2018:09:49:16 +0800] "POST /File/File/FileDownFormat HTTP/1.1" 200 -
0:0:0:0:0:0:0:1 - - [09/Jan/2018:09:49:16 +0800] "POST /File/File/FileDownFormat HTTP/1.1" 200 -
0:0:0:0:0:0:0:1 - - [09/Jan/2018:09:49:17 +0800] "POST /File/File/FileDownFormat HTTP/1.1" 200 -
0:0:0:0:0:0:0:1 - - [09/Jan/2018:09:49:17 +0800] "POST /File/File/FileDownFormat HTTP/1.1" 200 -
0:0:0:0:0:0:0:1 - - [09/Jan/2018:09:49:34 +0800] "POST /File/File/FileDownFormat HTTP/1.1" 200 -
0:0:0:0:0:0:0:1 - - [09/Jan/2018:09:49:54 +0800] "POST /File/File/FileDownFormat HTTP/1.1" 200 -
0:0:0:0:0:0:0:1 - - [09/Jan/2018:09:49:54 +0800] "POST /File/File/FileDownFormat HTTP/1.1" 200 -
0:0:0:0:0:0:0:1 - - [09/Jan/2018:09:49:54 +0800] "POST /File/File/FileDownFormat HTTP/1.1" 200 -
0:0:0:0:0:0:0:1 - - [09/Jan/2018:09:49:54 +0800] "POST /File/File/FileDownFormat HTTP/1.1" 200 -
0:0:0:0:0:0:0:1 - - [09/Jan/2018:09:49:54 +0800] "POST /File/File/FileDownFormat HTTP/1.1" 200 -
0:0:0:0:0:0:0:1 - - [09/Jan/2018:09:49:54 +0800] "POST /File/File/FileDownFormat HTTP/1.1" 200 -
0:0:0:0:0:0:0:1 - - [09/Jan/2018:09:51:08 +0800] "POST /File/File/FileDownFormat HTTP/1.1" 200 -
0:0:0:0:0:0:0:1 - - [09/Jan/2018:09:51:09 +0800] "POST /File/File/FileDownFormat HTTP/1.1" 200 -
0:0:0:0:0:0:0:1 - - [09/Jan/2018:09:51:09 +0800] "POST /File/File/FileDownFormat HTTP/1.1" 200 -
0:0:0:0:0:0:0:1 - - [09/Jan/2018:09:51:09 +0800] "POST /File/File/FileDownFormat HTTP/1.1" 200 -
0:0:0:0:0:0:0:1 - - [09/Jan/2018:09:51:11 +0800] "POST /File/File/FileDownFormat HTTP/1.1" 200 -
0:0:0:0:0:0:0:1 - - [09/Jan/2018:09:51:17 +0800] "POST /File/File/FileDownFormat HTTP/1.1" 200 -
0:0:0:0:0:0:0:1 - - [09/Jan/2018:09:55:29 +0800] "POST /File/File/FileDownFormat HTTP/1.1" 200 -
0:0:0:0:0:0:0:1 - - [09/Jan/2018:09:55:33 +0800] "POST /File/File/FileDownFormat HTTP/1.1" 200 -
0:0:0:0:0:0:0:1 - - [09/Jan/2018:10:22:00 +0800] "POST /File/File/ HTTP/1.1" 404 306
0:0:0:0:0:0:0:1 - - [09/Jan/2018:10:22:15 +0800] "POST /File/File/ HTTP/1.1" 404 306
0:0:0:0:0:0:0:1 - - [09/Jan/2018:14:19:21 +0800] "POST /XXSTest/XXS/XXSInject/ HTTP/1.1" 404 306
0:0:0:0:0:0:0:1 - - [09/Jan/2018:14:19:46 +0800] "POST /XXSTest/XXS/XXSInject/ HTTP/1.1" 200 1
0:0:0:0:0:0:0:1 - - [09/Jan/2018:14:19:55 +0800] "POST /XXSTest/XXS/XXSInject/ HTTP/1.1" 200 25
0:0:0:0:0:0:0:1 - - [09/Jan/2018:14:19:56 +0800] "POST /XXSTest/XXS/XXSInject/ HTTP/1.1" 200 25
0:0:0:0:0:0:0:1 - - [09/Jan/2018:14:19:56 +0800] "POST /XXSTest/XXS/XXSInject/ HTTP/1.1" 200 25
0:0:0:0:0:0:0:1 - - [09/Jan/2018:14:19:56 +0800] "POST /XXSTest/XXS/XXSInject/ HTTP/1.1" 200 25
0:0:0:0:0:0:0:1 - - [09/Jan/2018:14:20:08 +0800] "POST /XXSTest/XXS/XXSInject/ HTTP/1.1" 200 25
0:0:0:0:0:0:0:1 - - [09/Jan/2018:14:20:30 +0800] "POST /XXSTest/XXS/XXSInject/ HTTP/1.1" 200 26
0:0:0:0:0:0:0:1 - - [09/Jan/2018:14:34:09 +0800] "POST /XXSTest/XXS/XXSFormat/ HTTP/1.1" 200 38
0:0:0:0:0:0:0:1 - - [09/Jan/2018:14:41:37 +0800] "GET /File/File/FileUpload/ HTTP/1.1" 404 306
0:0:0:0:0:0:0:1 - - [09/Jan/2018:14:41:38 +0800] "GET /File/File/FileUpload/ HTTP/1.1" 404 306
0:0:0:0:0:0:0:1 - - [09/Jan/2018:14:41:39 +0800] "GET /File/File/FileUpload/ HTTP/1.1" 404 306
0:0:0:0:0:0:0:1 - - [09/Jan/2018:14:41:39 +0800] "GET /File/File/FileUpload/ HTTP/1.1" 404 306
0:0:0:0:0:0:0:1 - - [09/Jan/2018:14:42:14 +0800] "GET /File/File/FileUpload/ HTTP/1.1" 404 306
0:0:0:0:0:0:0:1 - - [09/Jan/2018:14:42:15 +0800] "GET /File/File/FileUpload/ HTTP/1.1" 404 306
0:0:0:0:0:0:0:1 - - [09/Jan/2018:14:42:15 +0800] "GET /File/File/FileUpload/ HTTP/1.1" 404 306
0:0:0:0:0:0:0:1 - - [09/Jan/2018:14:42:15 +0800] "GET /File/File/FileUpload/ HTTP/1.1" 404 306
0:0:0:0:0:0:0:1 - - [09/Jan/2018:14:42:16 +0800] "GET /File/File/FileUpload/ HTTP/1.1" 404 306
0:0:0:0:0:0:0:1 - - [09/Jan/2018:14:42:16 +0800] "GET /File/File/FileUpload/ HTTP/1.1" 404 306
0:0:0:0:0:0:0:1 - - [09/Jan/2018:14:42:16 +0800] "GET /File/File/FileUpload/ HTTP/1.1" 404 306
0:0:0:0:0:0:0:1 - - [09/Jan/2018:14:42:16 +0800] "GET /File/File/FileUpload/ HTTP/1.1" 404 306
0:0:0:0:0:0:0:1 - - [09/Jan/2018:14:42:16 +0800] "GET /File/File/FileUpload/ HTTP/1.1" 404 306
0:0:0:0:0:0:0:1 - - [09/Jan/2018:14:43:18 +0800] "GET /File/File/FileUpload/ HTTP/1.1" 404 306
0:0:0:0:0:0:0:1 - - [09/Jan/2018:14:43:19 +0800] "GET /File/File/FileUpload/ HTTP/1.1" 404 306
0:0:0:0:0:0:0:1 - - [09/Jan/2018:14:43:19 +0800] "GET /File/File/FileUpload/ HTTP/1.1" 404 306
0:0:0:0:0:0:0:1 - - [09/Jan/2018:14:43:19 +0800] "GET /File/File/FileUpload/ HTTP/1.1" 404 306
0:0:0:0:0:0:0:1 - - [09/Jan/2018:14:43:59 +0800] "GET /File/File/FileUpload/ HTTP/1.1" 404 306
0:0:0:0:0:0:0:1 - - [09/Jan/2018:14:44:00 +0800] "GET /File/File/FileUpload/ HTTP/1.1" 404 306
0:0:0:0:0:0:0:1 - - [09/Jan/2018:14:44:00 +0800] "GET /File/File/FileUpload/ HTTP/1.1" 404 306
0:0:0:0:0:0:0:1 - - [09/Jan/2018:14:44:00 +0800] "GET /File/File/FileUpload/ HTTP/1.1" 404 306
0:0:0:0:0:0:0:1 - - [09/Jan/2018:14:45:15 +0800] "GET /File/File/FileUpload/ HTTP/1.1" 404 306
0:0:0:0:0:0:0:1 - - [09/Jan/2018:14:45:47 +0800] "GET /File/File/FileUpload HTTP/1.1" 404 306
0:0:0:0:0:0:0:1 - - [09/Jan/2018:14:45:48 +0800] "GET /File/File/FileUpload HTTP/1.1" 404 306
0:0:0:0:0:0:0:1 - - [09/Jan/2018:14:45:48 +0800] "GET /File/File/FileUpload HTTP/1.1" 404 306
0:0:0:0:0:0:0:1 - - [09/Jan/2018:14:45:48 +0800] "GET /File/File/FileUpload HTTP/1.1" 404 306
0:0:0:0:0:0:0:1 - - [09/Jan/2018:14:46:41 +0800] "GET /File/File/FileUpload HTTP/1.1" 404 306
0:0:0:0:0:0:0:1 - - [09/Jan/2018:14:46:41 +0800] "GET /File/File/FileUpload HTTP/1.1" 404 306
0:0:0:0:0:0:0:1 - - [09/Jan/2018:14:46:42 +0800] "GET /File/File/FileUpload HTTP/1.1" 404 306
0:0:0:0:0:0:0:1 - - [09/Jan/2018:14:46:42 +0800] "GET /File/File/FileUpload HTTP/1.1" 404 306
0:0:0:0:0:0:0:1 - - [09/Jan/2018:14:46:42 +0800] "GET /File/File/FileUpload HTTP/1.1" 404 306
0:0:0:0:0:0:0:1 - - [09/Jan/2018:14:46:42 +0800] "GET /File/File/FileUpload HTTP/1.1" 404 306
0:0:0:0:0:0:0:1 - - [09/Jan/2018:14:46:42 +0800] "GET /File/File/FileUpload HTTP/1.1" 404 306
0:0:0:0:0:0:0:1 - - [09/Jan/2018:14:46:43 +0800] "GET /File/File/FileUpload HTTP/1.1" 404 306
0:0:0:0:0:0:0:1 - - [09/Jan/2018:14:46:43 +0800] "GET /File/File/FileUpload HTTP/1.1" 404 306
0:0:0:0:0:0:0:1 - - [09/Jan/2018:14:46:43 +0800] "GET /File/File/FileUpload HTTP/1.1" 404 306
0:0:0:0:0:0:0:1 - - [09/Jan/2018:14:46:46 +0800] "POST /File/File/FileUpload HTTP/1.1" 404 306
0:0:0:0:0:0:0:1 - - [09/Jan/2018:14:46:47 +0800] "POST /File/File/FileUpload HTTP/1.1" 404 306
0:0:0:0:0:0:0:1 - - [09/Jan/2018:14:47:34 +0800] "GET /File/File/FileUpload HTTP/1.1" 404 306
0:0:0:0:0:0:0:1 - - [09/Jan/2018:14:48:49 +0800] "GET /File/File/FileUpload HTTP/1.1" 500 454
0:0:0:0:0:0:0:1 - - [09/Jan/2018:14:56:05 +0800] "GET /File/Index HTTP/1.1" 500 373
0:0:0:0:0:0:0:1 - - [09/Jan/2018:14:56:06 +0800] "GET /File/Index HTTP/1.1" 500 373
0:0:0:0:0:0:0:1 - - [09/Jan/2018:14:56:17 +0800] "GET /File/Index HTTP/1.1" 200 284
0:0:0:0:0:0:0:1 - - [09/Jan/2018:14:56:21 +0800] "POST /File/File/FileUpVul HTTP/1.1" 400 343
0:0:0:0:0:0:0:1 - - [09/Jan/2018:14:57:22 +0800] "POST /File/File/FileUpVul HTTP/1.1" 400 343
0:0:0:0:0:0:0:1 - - [09/Jan/2018:14:59:40 +0800] "POST /File/File/FileUpVul HTTP/1.1" 200 47
0:0:0:0:0:0:0:1 - - [09/Jan/2018:15:00:36 +0800] "POST /File/File/FileUpVul HTTP/1.1" 200 47
0:0:0:0:0:0:0:1 - - [09/Jan/2018:15:01:22 +0800] "POST /File/File/FileUpVul HTTP/1.1" 400 343
0:0:0:0:0:0:0:1 - - [09/Jan/2018:15:03:41 +0800] "GET /File/Index HTTP/1.1" 200 339
0:0:0:0:0:0:0:1 - - [09/Jan/2018:15:03:41 +0800] "GET /File/Index HTTP/1.1" 200 339
0:0:0:0:0:0:0:1 - - [09/Jan/2018:15:03:41 +0800] "GET /File/Index HTTP/1.1" 200 339
0:0:0:0:0:0:0:1 - - [09/Jan/2018:15:03:41 +0800] "GET /File/Index HTTP/1.1" 200 339
0:0:0:0:0:0:0:1 - - [09/Jan/2018:15:03:47 +0800] "POST /File/File/FileUpVul HTTP/1.1" 200 45
0:0:0:0:0:0:0:1 - - [09/Jan/2018:15:27:53 +0800] "GET /File/Index HTTP/1.1" 200 622
0:0:0:0:0:0:0:1 - - [09/Jan/2018:15:27:53 +0800] "GET /File/Index HTTP/1.1" 200 622
0:0:0:0:0:0:0:1 - - [09/Jan/2018:15:28:02 +0800] "GET /File/Index HTTP/1.1" 200 598
