0:0:0:0:0:0:0:1 - - [08/Jan/2018:12:41:03 +0800] "GET / HTTP/1.1" 404 306
0:0:0:0:0:0:0:1 - - [08/Jan/2018:12:41:03 +0800] "GET /favicon.ico HTTP/1.1" 200 946
0:0:0:0:0:0:0:1 - - [08/Jan/2018:12:41:49 +0800] "POST /SqlTest/Mysql/SQLInject HTTP/1.1" 200 16
0:0:0:0:0:0:0:1 - - [08/Jan/2018:12:43:35 +0800] "POST /SqlTest/Mysql/SQLInject HTTP/1.1" 200 16
0:0:0:0:0:0:0:1 - - [08/Jan/2018:12:47:00 +0800] "POST /SqlTest/Mysql/SQLInject HTTP/1.1" 200 16
0:0:0:0:0:0:0:1 - - [08/Jan/2018:12:48:15 +0800] "POST /SqlTest/Mysql/SQLInject HTTP/1.1" 200 16
0:0:0:0:0:0:0:1 - - [08/Jan/2018:12:49:35 +0800] "POST /SqlTest/Mysql/SQLInject HTTP/1.1" 200 771
0:0:0:0:0:0:0:1 - - [08/Jan/2018:12:50:06 +0800] "POST /SqlTest/Mysql/SQLInject HTTP/1.1" 200 771
0:0:0:0:0:0:0:1 - - [08/Jan/2018:12:50:07 +0800] "POST /SqlTest/Mysql/SQLInject HTTP/1.1" 200 772
0:0:0:0:0:0:0:1 - - [08/Jan/2018:12:50:07 +0800] "POST /SqlTest/Mysql/SQLInject HTTP/1.1" 200 772
0:0:0:0:0:0:0:1 - - [08/Jan/2018:12:50:08 +0800] "POST /SqlTest/Mysql/SQLInject HTTP/1.1" 200 772
0:0:0:0:0:0:0:1 - - [08/Jan/2018:12:50:08 +0800] "POST /SqlTest/Mysql/SQLInject HTTP/1.1" 200 772
0:0:0:0:0:0:0:1 - - [08/Jan/2018:12:50:08 +0800] "POST /SqlTest/Mysql/SQLInject HTTP/1.1" 200 772
0:0:0:0:0:0:0:1 - - [08/Jan/2018:12:50:08 +0800] "POST /SqlTest/Mysql/SQLInject HTTP/1.1" 200 772
0:0:0:0:0:0:0:1 - - [08/Jan/2018:12:50:09 +0800] "POST /SqlTest/Mysql/SQLInject HTTP/1.1" 200 772
0:0:0:0:0:0:0:1 - - [08/Jan/2018:12:50:09 +0800] "POST /SqlTest/Mysql/SQLInject HTTP/1.1" 200 772
0:0:0:0:0:0:0:1 - - [08/Jan/2018:12:50:09 +0800] "POST /SqlTest/Mysql/SQLInject HTTP/1.1" 200 772
0:0:0:0:0:0:0:1 - - [08/Jan/2018:12:50:09 +0800] "POST /SqlTest/Mysql/SQLInject HTTP/1.1" 200 772
0:0:0:0:0:0:0:1 - - [08/Jan/2018:12:50:09 +0800] "POST /SqlTest/Mysql/SQLInject HTTP/1.1" 200 772
0:0:0:0:0:0:0:1 - - [08/Jan/2018:12:50:10 +0800] "POST /SqlTest/Mysql/SQLInject HTTP/1.1" 200 772
0:0:0:0:0:0:0:1 - - [08/Jan/2018:12:50:10 +0800] "POST /SqlTest/Mysql/SQLInject HTTP/1.1" 200 772
0:0:0:0:0:0:0:1 - - [08/Jan/2018:12:50:10 +0800] "POST /SqlTest/Mysql/SQLInject HTTP/1.1" 200 772
0:0:0:0:0:0:0:1 - - [08/Jan/2018:12:50:10 +0800] "POST /SqlTest/Mysql/SQLInject HTTP/1.1" 200 772
0:0:0:0:0:0:0:1 - - [08/Jan/2018:12:50:10 +0800] "POST /SqlTest/Mysql/SQLInject HTTP/1.1" 200 772
0:0:0:0:0:0:0:1 - - [08/Jan/2018:12:50:11 +0800] "POST /SqlTest/Mysql/SQLInject HTTP/1.1" 200 772
0:0:0:0:0:0:0:1 - - [08/Jan/2018:12:50:31 +0800] "POST /SqlTest/Mysql/SQLInject HTTP/1.1" 200 772
0:0:0:0:0:0:0:1 - - [08/Jan/2018:12:50:32 +0800] "POST /SqlTest/Mysql/SQLInject HTTP/1.1" 200 772
0:0:0:0:0:0:0:1 - - [08/Jan/2018:12:50:34 +0800] "POST /SqlTest/Mysql/SQLInject HTTP/1.1" 200 772
0:0:0:0:0:0:0:1 - - [08/Jan/2018:12:50:35 +0800] "POST /SqlTest/Mysql/SQLInject HTTP/1.1" 200 772
0:0:0:0:0:0:0:1 - - [08/Jan/2018:12:50:35 +0800] "POST /SqlTest/Mysql/SQLInject HTTP/1.1" 200 772
0:0:0:0:0:0:0:1 - - [08/Jan/2018:12:50:35 +0800] "POST /SqlTest/Mysql/SQLInject HTTP/1.1" 200 772
0:0:0:0:0:0:0:1 - - [08/Jan/2018:12:50:35 +0800] "POST /SqlTest/Mysql/SQLInject HTTP/1.1" 200 772
0:0:0:0:0:0:0:1 - - [08/Jan/2018:12:50:35 +0800] "POST /SqlTest/Mysql/SQLInject HTTP/1.1" 200 772
0:0:0:0:0:0:0:1 - - [08/Jan/2018:12:50:36 +0800] "POST /SqlTest/Mysql/SQLInject HTTP/1.1" 200 772
0:0:0:0:0:0:0:1 - - [08/Jan/2018:12:50:36 +0800] "POST /SqlTest/Mysql/SQLInject HTTP/1.1" 200 772
0:0:0:0:0:0:0:1 - - [08/Jan/2018:12:56:23 +0800] "POST /SqlTest/Mysql/SQLInject HTTP/1.1" 200 25
0:0:0:0:0:0:0:1 - - [08/Jan/2018:12:56:33 +0800] "POST /SqlTest/Mysql/SQLInject HTTP/1.1" 200 36
0:0:0:0:0:0:0:1 - - [08/Jan/2018:12:56:37 +0800] "POST /SqlTest/Mysql/SQLInject HTTP/1.1" 200 36
0:0:0:0:0:0:0:1 - - [08/Jan/2018:12:56:44 +0800] "POST /SqlTest/Mysql/SQLInject HTTP/1.1" 200 25
0:0:0:0:0:0:0:1 - - [08/Jan/2018:12:57:00 +0800] "POST /SqlTest/Mysql/SQLInject HTTP/1.1" 200 25
0:0:0:0:0:0:0:1 - - [08/Jan/2018:12:57:14 +0800] "POST /SqlTest/Mysql/SQLInject HTTP/1.1" 200 25
0:0:0:0:0:0:0:1 - - [08/Jan/2018:12:57:19 +0800] "POST /SqlTest/Mysql/SQLInject HTTP/1.1" 200 25
0:0:0:0:0:0:0:1 - - [08/Jan/2018:12:58:18 +0800] "POST /SqlTest/Mysql/SQLInject HTTP/1.1" 200 25
0:0:0:0:0:0:0:1 - - [08/Jan/2018:12:58:33 +0800] "POST /SqlTest/Mysql/SQLInject HTTP/1.1" 200 25
0:0:0:0:0:0:0:1 - - [08/Jan/2018:12:58:47 +0800] "POST /SqlTest/Mysql/SQLInject HTTP/1.1" 200 25
0:0:0:0:0:0:0:1 - - [08/Jan/2018:12:58:50 +0800] "POST /SqlTest/Mysql/SQLInject HTTP/1.1" 200 25
0:0:0:0:0:0:0:1 - - [08/Jan/2018:12:58:51 +0800] "POST /SqlTest/Mysql/SQLInject HTTP/1.1" 200 25
0:0:0:0:0:0:0:1 - - [08/Jan/2018:12:58:51 +0800] "POST /SqlTest/Mysql/SQLInject HTTP/1.1" 200 25
0:0:0:0:0:0:0:1 - - [08/Jan/2018:12:58:56 +0800] "POST /SqlTest/Mysql/SQLInject HTTP/1.1" 200 25
0:0:0:0:0:0:0:1 - - [08/Jan/2018:12:59:01 +0800] "POST /SqlTest/Mysql/SQLInject HTTP/1.1" 200 25
0:0:0:0:0:0:0:1 - - [08/Jan/2018:12:59:20 +0800] "POST /SqlTest/Mysql/SQLInject HTTP/1.1" 200 25
0:0:0:0:0:0:0:1 - - [08/Jan/2018:12:59:41 +0800] "POST /SqlTest/Mysql/SQLInject HTTP/1.1" 200 25
0:0:0:0:0:0:0:1 - - [08/Jan/2018:12:59:41 +0800] "POST /SqlTest/Mysql/SQLInject HTTP/1.1" 200 25
0:0:0:0:0:0:0:1 - - [08/Jan/2018:12:59:41 +0800] "POST /SqlTest/Mysql/SQLInject HTTP/1.1" 200 25
0:0:0:0:0:0:0:1 - - [08/Jan/2018:12:59:52 +0800] "POST /SqlTest/Mysql/SQLInject HTTP/1.1" 200 25
0:0:0:0:0:0:0:1 - - [08/Jan/2018:12:59:56 +0800] "POST /SqlTest/Mysql/SQLInject HTTP/1.1" 200 25
0:0:0:0:0:0:0:1 - - [08/Jan/2018:12:59:56 +0800] "POST /SqlTest/Mysql/SQLInject HTTP/1.1" 200 25
0:0:0:0:0:0:0:1 - - [08/Jan/2018:13:00:09 +0800] "POST /SqlTest/Mysql/SQLInject HTTP/1.1" 200 25
0:0:0:0:0:0:0:1 - - [08/Jan/2018:13:00:19 +0800] "POST /SqlTest/Mysql/SQLInject HTTP/1.1" 200 25
0:0:0:0:0:0:0:1 - - [08/Jan/2018:13:03:28 +0800] "POST /SqlTest/Mysql/SQLInject HTTP/1.1" 200 70
0:0:0:0:0:0:0:1 - - [08/Jan/2018:13:03:35 +0800] "POST /SqlTest/Mysql/SQLInject HTTP/1.1" 200 70
0:0:0:0:0:0:0:1 - - [08/Jan/2018:13:03:36 +0800] "POST /SqlTest/Mysql/SQLInject HTTP/1.1" 200 70
0:0:0:0:0:0:0:1 - - [08/Jan/2018:13:03:36 +0800] "POST /SqlTest/Mysql/SQLInject HTTP/1.1" 200 70
0:0:0:0:0:0:0:1 - - [08/Jan/2018:13:03:36 +0800] "POST /SqlTest/Mysql/SQLInject HTTP/1.1" 200 70
0:0:0:0:0:0:0:1 - - [08/Jan/2018:13:03:58 +0800] "POST /SqlTest/Mysql/SQLInject HTTP/1.1" 200 70
0:0:0:0:0:0:0:1 - - [08/Jan/2018:13:03:59 +0800] "POST /SqlTest/Mysql/SQLInject HTTP/1.1" 200 70
0:0:0:0:0:0:0:1 - - [08/Jan/2018:13:03:59 +0800] "POST /SqlTest/Mysql/SQLInject HTTP/1.1" 200 70
0:0:0:0:0:0:0:1 - - [08/Jan/2018:13:03:59 +0800] "POST /SqlTest/Mysql/SQLInject HTTP/1.1" 200 70
0:0:0:0:0:0:0:1 - - [08/Jan/2018:13:03:59 +0800] "POST /SqlTest/Mysql/SQLInject HTTP/1.1" 200 70
0:0:0:0:0:0:0:1 - - [08/Jan/2018:13:04:00 +0800] "POST /SqlTest/Mysql/SQLInject HTTP/1.1" 200 70
0:0:0:0:0:0:0:1 - - [08/Jan/2018:13:04:59 +0800] "POST /SqlTest/Mysql/SQLInject HTTP/1.1" 200 70
0:0:0:0:0:0:0:1 - - [08/Jan/2018:13:05:00 +0800] "POST /SqlTest/Mysql/SQLInject HTTP/1.1" 200 70
0:0:0:0:0:0:0:1 - - [08/Jan/2018:13:05:03 +0800] "POST /SqlTest/Mysql/SQLInject HTTP/1.1" 200 27
0:0:0:0:0:0:0:1 - - [08/Jan/2018:13:05:05 +0800] "POST /SqlTest/Mysql/SQLInject HTTP/1.1" 200 27
0:0:0:0:0:0:0:1 - - [08/Jan/2018:13:05:07 +0800] "POST /SqlTest/Mysql/SQLInject HTTP/1.1" 200 27
0:0:0:0:0:0:0:1 - - [08/Jan/2018:13:05:07 +0800] "POST /SqlTest/Mysql/SQLInject HTTP/1.1" 200 26
0:0:0:0:0:0:0:1 - - [08/Jan/2018:13:05:07 +0800] "POST /SqlTest/Mysql/SQLInject HTTP/1.1" 200 26
0:0:0:0:0:0:0:1 - - [08/Jan/2018:13:05:08 +0800] "POST /SqlTest/Mysql/SQLInject HTTP/1.1" 200 26
0:0:0:0:0:0:0:1 - - [08/Jan/2018:13:05:08 +0800] "POST /SqlTest/Mysql/SQLInject HTTP/1.1" 200 26
0:0:0:0:0:0:0:1 - - [08/Jan/2018:13:05:36 +0800] "POST /SqlTest/Mysql/SQLInject HTTP/1.1" 200 47
0:0:0:0:0:0:0:1 - - [08/Jan/2018:13:05:36 +0800] "POST /SqlTest/Mysql/SQLInject HTTP/1.1" 200 47
0:0:0:0:0:0:0:1 - - [08/Jan/2018:13:05:36 +0800] "POST /SqlTest/Mysql/SQLInject HTTP/1.1" 200 47
0:0:0:0:0:0:0:1 - - [08/Jan/2018:13:05:37 +0800] "POST /SqlTest/Mysql/SQLInject HTTP/1.1" 200 47
0:0:0:0:0:0:0:1 - - [08/Jan/2018:13:05:37 +0800] "POST /SqlTest/Mysql/SQLInject HTTP/1.1" 200 47
0:0:0:0:0:0:0:1 - - [08/Jan/2018:13:05:42 +0800] "POST /SqlTest/Mysql/SQLInject HTTP/1.1" 200 32
0:0:0:0:0:0:0:1 - - [08/Jan/2018:13:05:46 +0800] "POST /SqlTest/Mysql/SQLInject HTTP/1.1" 200 32
0:0:0:0:0:0:0:1 - - [08/Jan/2018:13:05:47 +0800] "POST /SqlTest/Mysql/SQLInject HTTP/1.1" 200 33
0:0:0:0:0:0:0:1 - - [08/Jan/2018:13:05:49 +0800] "POST /SqlTest/Mysql/SQLInject HTTP/1.1" 200 32
0:0:0:0:0:0:0:1 - - [08/Jan/2018:13:05:52 +0800] "POST /SqlTest/Mysql/SQLInject HTTP/1.1" 200 32
0:0:0:0:0:0:0:1 - - [08/Jan/2018:13:05:53 +0800] "POST /SqlTest/Mysql/SQLInject HTTP/1.1" 200 33
0:0:0:0:0:0:0:1 - - [08/Jan/2018:13:05:55 +0800] "POST /SqlTest/Mysql/SQLInject HTTP/1.1" 200 32
0:0:0:0:0:0:0:1 - - [08/Jan/2018:13:06:13 +0800] "POST /SqlTest/Mysql/SQLInject HTTP/1.1" 200 47
0:0:0:0:0:0:0:1 - - [08/Jan/2018:13:06:22 +0800] "POST /SqlTest/Mysql/SQLInject HTTP/1.1" 200 32
0:0:0:0:0:0:0:1 - - [08/Jan/2018:13:06:43 +0800] "POST /SqlTest/Mysql/SQLInject HTTP/1.1" 200 27
0:0:0:0:0:0:0:1 - - [08/Jan/2018:13:06:44 +0800] "POST /SqlTest/Mysql/SQLInject HTTP/1.1" 200 27
0:0:0:0:0:0:0:1 - - [08/Jan/2018:13:06:48 +0800] "POST /SqlTest/Mysql/SQLInject HTTP/1.1" 200 26
0:0:0:0:0:0:0:1 - - [08/Jan/2018:13:06:53 +0800] "POST /SqlTest/Mysql/SQLInject HTTP/1.1" 200 70
0:0:0:0:0:0:0:1 - - [08/Jan/2018:13:09:10 +0800] "POST /SqlTest/Mysql/SQLInject HTTP/1.1" 200 26
0:0:0:0:0:0:0:1 - - [08/Jan/2018:13:09:10 +0800] "POST /SqlTest/Mysql/SQLInject HTTP/1.1" 200 26
0:0:0:0:0:0:0:1 - - [08/Jan/2018:13:09:11 +0800] "POST /SqlTest/Mysql/SQLInject HTTP/1.1" 200 26
0:0:0:0:0:0:0:1 - - [08/Jan/2018:13:09:12 +0800] "POST /SqlTest/Mysql/SQLInject HTTP/1.1" 200 26
0:0:0:0:0:0:0:1 - - [08/Jan/2018:13:09:18 +0800] "POST /SqlTest/Mysql/SQLInject HTTP/1.1" 200 26
0:0:0:0:0:0:0:1 - - [08/Jan/2018:13:10:00 +0800] "POST /SqlTest/Mysql/SQLInject HTTP/1.1" 200 26
0:0:0:0:0:0:0:1 - - [08/Jan/2018:13:10:01 +0800] "POST /SqlTest/Mysql/SQLInject HTTP/1.1" 200 26
0:0:0:0:0:0:0:1 - - [08/Jan/2018:13:10:19 +0800] "POST /SqlTest/Mysql/SQLInject HTTP/1.1" 200 26
0:0:0:0:0:0:0:1 - - [08/Jan/2018:13:10:20 +0800] "POST /SqlTest/Mysql/SQLInject HTTP/1.1" 200 26
0:0:0:0:0:0:0:1 - - [08/Jan/2018:13:12:33 +0800] "POST /SqlTest/Mysql/SQLInject HTTP/1.1" 200 773
0:0:0:0:0:0:0:1 - - [08/Jan/2018:13:12:33 +0800] "POST /SqlTest/Mysql/SQLInject HTTP/1.1" 200 773
0:0:0:0:0:0:0:1 - - [08/Jan/2018:13:12:33 +0800] "POST /SqlTest/Mysql/SQLInject HTTP/1.1" 200 773
0:0:0:0:0:0:0:1 - - [08/Jan/2018:13:12:35 +0800] "POST /SqlTest/Mysql/SQLInject HTTP/1.1" 200 773
0:0:0:0:0:0:0:1 - - [08/Jan/2018:13:12:36 +0800] "POST /SqlTest/Mysql/SQLInject HTTP/1.1" 200 773
0:0:0:0:0:0:0:1 - - [08/Jan/2018:13:12:36 +0800] "POST /SqlTest/Mysql/SQLInject HTTP/1.1" 200 773
0:0:0:0:0:0:0:1 - - [08/Jan/2018:13:12:36 +0800] "POST /SqlTest/Mysql/SQLInject HTTP/1.1" 200 773
0:0:0:0:0:0:0:1 - - [08/Jan/2018:13:14:17 +0800] "POST /SqlTest/Mysql/SQLInject HTTP/1.1" 200 16
0:0:0:0:0:0:0:1 - - [08/Jan/2018:13:14:18 +0800] "POST /SqlTest/Mysql/SQLInject HTTP/1.1" 200 16
0:0:0:0:0:0:0:1 - - [08/Jan/2018:13:14:19 +0800] "POST /SqlTest/Mysql/SQLInject HTTP/1.1" 200 16
0:0:0:0:0:0:0:1 - - [08/Jan/2018:13:15:59 +0800] "POST /SqlTest/Mysql/SQLInject HTTP/1.1" 200 16
0:0:0:0:0:0:0:1 - - [08/Jan/2018:13:22:38 +0800] "POST /SqlTest/Mysql/SQLInject HTTP/1.1" 200 26
0:0:0:0:0:0:0:1 - - [08/Jan/2018:13:23:28 +0800] "POST /SqlTest/Mysql/SQLInject HTTP/1.1" 200 97
0:0:0:0:0:0:0:1 - - [08/Jan/2018:13:23:36 +0800] "POST /SqlTest/Mysql/SQLInject HTTP/1.1" 200 242
0:0:0:0:0:0:0:1 - - [08/Jan/2018:13:24:09 +0800] "POST /SqlTest/Mysql/SQLInject HTTP/1.1" 200 248
0:0:0:0:0:0:0:1 - - [08/Jan/2018:13:24:09 +0800] "POST /SqlTest/Mysql/SQLInject HTTP/1.1" 200 248
0:0:0:0:0:0:0:1 - - [08/Jan/2018:13:24:10 +0800] "POST /SqlTest/Mysql/SQLInject HTTP/1.1" 200 248
0:0:0:0:0:0:0:1 - - [08/Jan/2018:13:24:10 +0800] "POST /SqlTest/Mysql/SQLInject HTTP/1.1" 200 248
0:0:0:0:0:0:0:1 - - [08/Jan/2018:13:28:19 +0800] "POST /SqlTest/Mysql/SQLInject HTTP/1.1" 200 287
0:0:0:0:0:0:0:1 - - [08/Jan/2018:13:28:19 +0800] "POST /SqlTest/Mysql/SQLInject HTTP/1.1" 200 287
0:0:0:0:0:0:0:1 - - [08/Jan/2018:13:28:20 +0800] "POST /SqlTest/Mysql/SQLInject HTTP/1.1" 200 287
0:0:0:0:0:0:0:1 - - [08/Jan/2018:13:31:28 +0800] "POST /SqlTest/Mysql/SQLInject HTTP/1.1" 200 242
0:0:0:0:0:0:0:1 - - [08/Jan/2018:13:31:42 +0800] "POST /SqlTest/Mysql/SQLFormat HTTP/1.1" 200 97
0:0:0:0:0:0:0:1 - - [08/Jan/2018:13:31:46 +0800] "POST /SqlTest/Mysql/SQLFormat HTTP/1.1" 200 100
0:0:0:0:0:0:0:1 - - [08/Jan/2018:13:31:48 +0800] "POST /SqlTest/Mysql/SQLFormat HTTP/1.1" 200 100
0:0:0:0:0:0:0:1 - - [08/Jan/2018:13:31:52 +0800] "POST /SqlTest/Mysql/SQLFormat HTTP/1.1" 200 26
0:0:0:0:0:0:0:1 - - [08/Jan/2018:13:31:55 +0800] "POST /SqlTest/Mysql/SQLFormat HTTP/1.1" 200 26
0:0:0:0:0:0:0:1 - - [08/Jan/2018:13:33:58 +0800] "POST /SqlTest/Mysql/SQLFormat HTTP/1.1" 500 402
0:0:0:0:0:0:0:1 - - [08/Jan/2018:13:33:59 +0800] "POST /SqlTest/Mysql/SQLFormat HTTP/1.1" 500 402
0:0:0:0:0:0:0:1 - - [08/Jan/2018:13:37:49 +0800] "POST /SqlTest/Mysql/SQLFormat HTTP/1.1" 200 140
0:0:0:0:0:0:0:1 - - [08/Jan/2018:13:40:19 +0800] "POST /SqlTest/Mysql/SQLFormat HTTP/1.1" 200 623
0:0:0:0:0:0:0:1 - - [08/Jan/2018:13:40:19 +0800] "POST /SqlTest/Mysql/SQLFormat HTTP/1.1" 200 623
0:0:0:0:0:0:0:1 - - [08/Jan/2018:13:40:21 +0800] "POST /SqlTest/Mysql/SQLFormat HTTP/1.1" 200 623
0:0:0:0:0:0:0:1 - - [08/Jan/2018:13:41:40 +0800] "POST /SqlTest/Mysql/SQLFormat HTTP/1.1" 200 140
0:0:0:0:0:0:0:1 - - [08/Jan/2018:13:41:47 +0800] "POST /SqlTest/Mysql/SQLFormat HTTP/1.1" 200 132
0:0:0:0:0:0:0:1 - - [08/Jan/2018:13:44:44 +0800] "POST /SqlTest/Mysql/SQLFormat HTTP/1.1" 200 131
0:0:0:0:0:0:0:1 - - [08/Jan/2018:13:44:45 +0800] "POST /SqlTest/Mysql/SQLFormat HTTP/1.1" 200 132
0:0:0:0:0:0:0:1 - - [08/Jan/2018:13:44:46 +0800] "POST /SqlTest/Mysql/SQLFormat HTTP/1.1" 200 132
0:0:0:0:0:0:0:1 - - [08/Jan/2018:13:44:47 +0800] "POST /SqlTest/Mysql/SQLFormat HTTP/1.1" 200 131
0:0:0:0:0:0:0:1 - - [08/Jan/2018:13:45:25 +0800] "POST /SqlTest/Mysql/SQLFormat HTTP/1.1" 200 3
0:0:0:0:0:0:0:1 - - [08/Jan/2018:13:53:51 +0800] "POST /SqlTest/Mysql/SQLInject HTTP/1.1" 200 97
0:0:0:0:0:0:0:1 - - [08/Jan/2018:13:57:06 +0800] "POST /SqlTest/Mysql/SQLInject HTTP/1.1" 200 242
0:0:0:0:0:0:0:1 - - [08/Jan/2018:13:58:30 +0800] "POST /SqlTest/Mysql/SQLFormat HTTP/1.1" 200 97
0:0:0:0:0:0:0:1 - - [08/Jan/2018:14:00:21 +0800] "POST /SqlTest/Mysql/SQLFormat HTTP/1.1" 200 97
0:0:0:0:0:0:0:1 - - [08/Jan/2018:14:00:22 +0800] "POST /SqlTest/Mysql/SQLFormat HTTP/1.1" 200 97
0:0:0:0:0:0:0:1 - - [08/Jan/2018:14:00:22 +0800] "POST /SqlTest/Mysql/SQLFormat HTTP/1.1" 200 97
0:0:0:0:0:0:0:1 - - [08/Jan/2018:15:16:51 +0800] "POST /XmlTest/XMl/XmlInject HTTP/1.1" 200 56
0:0:0:0:0:0:0:1 - - [08/Jan/2018:15:16:58 +0800] "GET /XmlTest/XMl/XmlInject HTTP/1.1" 405 337
0:0:0:0:0:0:0:1 - - [08/Jan/2018:15:16:59 +0800] "POST /XmlTest/XMl/XmlInject HTTP/1.1" 200 56
0:0:0:0:0:0:0:1 - - [08/Jan/2018:15:29:12 +0800] "POST /XmlTest/XMl/XmlInject HTTP/1.1" 200 26
0:0:0:0:0:0:0:1 - - [08/Jan/2018:15:33:15 +0800] "POST /XmlTest/XMl/XmlInject HTTP/1.1" 200 40
0:0:0:0:0:0:0:1 - - [08/Jan/2018:15:35:16 +0800] "POST /XmlTest/XMl/XmlInject HTTP/1.1" 200 26
0:0:0:0:0:0:0:1 - - [08/Jan/2018:15:37:26 +0800] "POST /XmlTest/XMl/XmlInject HTTP/1.1" 200 26
0:0:0:0:0:0:0:1 - - [08/Jan/2018:15:39:13 +0800] "POST /XmlTest/XMl/XmlInject HTTP/1.1" 200 26
0:0:0:0:0:0:0:1 - - [08/Jan/2018:15:50:39 +0800] "POST /XmlTest/XMl/XmlInject HTTP/1.1" 200 26
0:0:0:0:0:0:0:1 - - [08/Jan/2018:15:53:09 +0800] "POST /XmlTest/XMl/XmlInject HTTP/1.1" 200 26
0:0:0:0:0:0:0:1 - - [08/Jan/2018:15:54:10 +0800] "POST /XmlTest/XMl/XmlInject HTTP/1.1" 200 428
0:0:0:0:0:0:0:1 - - [08/Jan/2018:15:56:52 +0800] "POST /XmlTest/XMl/XmlInject HTTP/1.1" 200 281
0:0:0:0:0:0:0:1 - - [08/Jan/2018:15:56:52 +0800] "POST /XmlTest/XMl/XmlInject HTTP/1.1" 200 281
0:0:0:0:0:0:0:1 - - [08/Jan/2018:15:56:52 +0800] "POST /XmlTest/XMl/XmlInject HTTP/1.1" 200 281
0:0:0:0:0:0:0:1 - - [08/Jan/2018:15:56:52 +0800] "POST /XmlTest/XMl/XmlInject HTTP/1.1" 200 281
0:0:0:0:0:0:0:1 - - [08/Jan/2018:15:56:52 +0800] "POST /XmlTest/XMl/XmlInject HTTP/1.1" 200 281
0:0:0:0:0:0:0:1 - - [08/Jan/2018:15:56:53 +0800] "POST /XmlTest/XMl/XmlInject HTTP/1.1" 200 281
0:0:0:0:0:0:0:1 - - [08/Jan/2018:15:56:53 +0800] "POST /XmlTest/XMl/XmlInject HTTP/1.1" 200 281
0:0:0:0:0:0:0:1 - - [08/Jan/2018:15:56:53 +0800] "POST /XmlTest/XMl/XmlInject HTTP/1.1" 200 281
0:0:0:0:0:0:0:1 - - [08/Jan/2018:15:56:54 +0800] "POST /XmlTest/XMl/XmlInject HTTP/1.1" 200 281
0:0:0:0:0:0:0:1 - - [08/Jan/2018:15:56:54 +0800] "POST /XmlTest/XMl/XmlInject HTTP/1.1" 200 281
0:0:0:0:0:0:0:1 - - [08/Jan/2018:15:56:54 +0800] "POST /XmlTest/XMl/XmlInject HTTP/1.1" 200 281
0:0:0:0:0:0:0:1 - - [08/Jan/2018:16:24:03 +0800] "POST /XmlTest/XMl/XXEInject HTTP/1.1" 200 26
0:0:0:0:0:0:0:1 - - [08/Jan/2018:16:24:37 +0800] "POST /XmlTest/XMl/XXEInject HTTP/1.1" 200 281
0:0:0:0:0:0:0:1 - - [08/Jan/2018:16:24:38 +0800] "POST /XmlTest/XMl/XXEInject HTTP/1.1" 200 281
0:0:0:0:0:0:0:1 - - [08/Jan/2018:16:26:09 +0800] "POST /XmlTest/XMl/XXEInject HTTP/1.1" 200 17
0:0:0:0:0:0:0:1 - - [08/Jan/2018:16:26:24 +0800] "POST /XmlTest/XMl/XXEInject HTTP/1.1" 200 17
0:0:0:0:0:0:0:1 - - [08/Jan/2018:16:26:36 +0800] "POST /XmlTest/XMl/XXEInject HTTP/1.1" 200 17
0:0:0:0:0:0:0:1 - - [08/Jan/2018:16:26:36 +0800] "POST /XmlTest/XMl/XXEInject HTTP/1.1" 200 17
0:0:0:0:0:0:0:1 - - [08/Jan/2018:16:26:36 +0800] "POST /XmlTest/XMl/XXEInject HTTP/1.1" 200 17
0:0:0:0:0:0:0:1 - - [08/Jan/2018:16:26:37 +0800] "POST /XmlTest/XMl/XXEInject HTTP/1.1" 200 17
0:0:0:0:0:0:0:1 - - [08/Jan/2018:16:26:43 +0800] "POST /XmlTest/XMl/XXEInject HTTP/1.1" 200 17
0:0:0:0:0:0:0:1 - - [08/Jan/2018:16:27:33 +0800] "POST /XmlTest/XMl/XXEInject HTTP/1.1" 200 17
0:0:0:0:0:0:0:1 - - [08/Jan/2018:16:27:34 +0800] "POST /XmlTest/XMl/XXEInject HTTP/1.1" 200 17
0:0:0:0:0:0:0:1 - - [08/Jan/2018:16:27:38 +0800] "POST /XmlTest/XMl/XXEInject HTTP/1.1" 200 17
0:0:0:0:0:0:0:1 - - [08/Jan/2018:16:27:39 +0800] "POST /XmlTest/XMl/XXEInject HTTP/1.1" 200 17
0:0:0:0:0:0:0:1 - - [08/Jan/2018:16:27:39 +0800] "POST /XmlTest/XMl/XXEInject HTTP/1.1" 200 17
0:0:0:0:0:0:0:1 - - [08/Jan/2018:16:27:39 +0800] "POST /XmlTest/XMl/XXEInject HTTP/1.1" 200 17
0:0:0:0:0:0:0:1 - - [08/Jan/2018:16:29:52 +0800] "POST /XmlTest/XMl/XXEInject HTTP/1.1" 200 17
0:0:0:0:0:0:0:1 - - [08/Jan/2018:16:29:53 +0800] "POST /XmlTest/XMl/XXEInject HTTP/1.1" 200 17
0:0:0:0:0:0:0:1 - - [08/Jan/2018:16:29:53 +0800] "POST /XmlTest/XMl/XXEInject HTTP/1.1" 200 17
0:0:0:0:0:0:0:1 - - [08/Jan/2018:16:29:53 +0800] "POST /XmlTest/XMl/XXEInject HTTP/1.1" 200 17
0:0:0:0:0:0:0:1 - - [08/Jan/2018:16:29:53 +0800] "POST /XmlTest/XMl/XXEInject HTTP/1.1" 200 17
0:0:0:0:0:0:0:1 - - [08/Jan/2018:16:30:04 +0800] "POST /XmlTest/XMl/XXEInject HTTP/1.1" 200 17
0:0:0:0:0:0:0:1 - - [08/Jan/2018:16:30:05 +0800] "POST /XmlTest/XMl/XXEInject HTTP/1.1" 200 17
0:0:0:0:0:0:0:1 - - [08/Jan/2018:16:30:05 +0800] "POST /XmlTest/XMl/XXEInject HTTP/1.1" 200 17
0:0:0:0:0:0:0:1 - - [08/Jan/2018:16:30:05 +0800] "POST /XmlTest/XMl/XXEInject HTTP/1.1" 200 17
0:0:0:0:0:0:0:1 - - [08/Jan/2018:16:31:50 +0800] "POST /XmlTest/XMl/XXEInject HTTP/1.1" 200 17
0:0:0:0:0:0:0:1 - - [08/Jan/2018:16:31:51 +0800] "POST /XmlTest/XMl/XXEInject HTTP/1.1" 200 17
0:0:0:0:0:0:0:1 - - [08/Jan/2018:16:31:51 +0800] "POST /XmlTest/XMl/XXEInject HTTP/1.1" 200 17
0:0:0:0:0:0:0:1 - - [08/Jan/2018:16:32:27 +0800] "POST /XmlTest/XMl/XXEInject HTTP/1.1" 200 17
0:0:0:0:0:0:0:1 - - [08/Jan/2018:16:35:14 +0800] "POST /XmlTest/XMl/XXEInject HTTP/1.1" 200 17
0:0:0:0:0:0:0:1 - - [08/Jan/2018:16:44:43 +0800] "POST /XmlTest/XMl/XXEInject HTTP/1.1" 200 17
0:0:0:0:0:0:0:1 - - [08/Jan/2018:16:45:02 +0800] "POST /XmlTest/XMl/XXEInject HTTP/1.1" 200 17
0:0:0:0:0:0:0:1 - - [08/Jan/2018:16:45:03 +0800] "POST /XmlTest/XMl/XXEInject HTTP/1.1" 200 17
0:0:0:0:0:0:0:1 - - [08/Jan/2018:16:45:03 +0800] "POST /XmlTest/XMl/XXEInject HTTP/1.1" 200 17
0:0:0:0:0:0:0:1 - - [08/Jan/2018:16:45:47 +0800] "POST /XmlTest/XMl/XXEInject HTTP/1.1" 200 17
0:0:0:0:0:0:0:1 - - [08/Jan/2018:16:45:47 +0800] "POST /XmlTest/XMl/XXEInject HTTP/1.1" 200 17
0:0:0:0:0:0:0:1 - - [08/Jan/2018:16:45:47 +0800] "POST /XmlTest/XMl/XXEInject HTTP/1.1" 200 17
0:0:0:0:0:0:0:1 - - [08/Jan/2018:16:45:54 +0800] "POST /XmlTest/XMl/XXEInject HTTP/1.1" 200 17
0:0:0:0:0:0:0:1 - - [08/Jan/2018:16:45:55 +0800] "POST /XmlTest/XMl/XXEInject HTTP/1.1" 200 17
0:0:0:0:0:0:0:1 - - [08/Jan/2018:16:45:55 +0800] "POST /XmlTest/XMl/XXEInject HTTP/1.1" 200 17
0:0:0:0:0:0:0:1 - - [08/Jan/2018:16:45:55 +0800] "POST /XmlTest/XMl/XXEInject HTTP/1.1" 200 17
0:0:0:0:0:0:0:1 - - [08/Jan/2018:16:47:32 +0800] "POST /XmlTest/XMl/XXEInject HTTP/1.1" 200 17
0:0:0:0:0:0:0:1 - - [08/Jan/2018:16:47:32 +0800] "POST /XmlTest/XMl/XXEInject HTTP/1.1" 200 17
0:0:0:0:0:0:0:1 - - [08/Jan/2018:16:47:33 +0800] "POST /XmlTest/XMl/XXEInject HTTP/1.1" 200 17
0:0:0:0:0:0:0:1 - - [08/Jan/2018:16:47:33 +0800] "POST /XmlTest/XMl/XXEInject HTTP/1.1" 200 17
0:0:0:0:0:0:0:1 - - [08/Jan/2018:16:47:38 +0800] "POST /XmlTest/XMl/XXEInject HTTP/1.1" 200 17
0:0:0:0:0:0:0:1 - - [08/Jan/2018:16:47:38 +0800] "POST /XmlTest/XMl/XXEInject HTTP/1.1" 200 17
0:0:0:0:0:0:0:1 - - [08/Jan/2018:16:47:38 +0800] "POST /XmlTest/XMl/XXEInject HTTP/1.1" 200 17
0:0:0:0:0:0:0:1 - - [08/Jan/2018:16:47:38 +0800] "POST /XmlTest/XMl/XXEInject HTTP/1.1" 200 17
0:0:0:0:0:0:0:1 - - [08/Jan/2018:16:48:35 +0800] "POST /XmlTest/XMl/XXEInject HTTP/1.1" 200 17
0:0:0:0:0:0:0:1 - - [08/Jan/2018:16:48:35 +0800] "POST /XmlTest/XMl/XXEInject HTTP/1.1" 200 17
0:0:0:0:0:0:0:1 - - [08/Jan/2018:16:48:35 +0800] "POST /XmlTest/XMl/XXEInject HTTP/1.1" 200 17
0:0:0:0:0:0:0:1 - - [08/Jan/2018:16:49:12 +0800] "POST /XmlTest/XMl/XXEInject HTTP/1.1" 200 17
0:0:0:0:0:0:0:1 - - [08/Jan/2018:16:49:13 +0800] "POST /XmlTest/XMl/XXEInject HTTP/1.1" 200 17
0:0:0:0:0:0:0:1 - - [08/Jan/2018:16:49:13 +0800] "POST /XmlTest/XMl/XXEInject HTTP/1.1" 200 17
0:0:0:0:0:0:0:1 - - [08/Jan/2018:16:49:13 +0800] "POST /XmlTest/XMl/XXEInject HTTP/1.1" 200 17
0:0:0:0:0:0:0:1 - - [08/Jan/2018:16:49:13 +0800] "POST /XmlTest/XMl/XXEInject HTTP/1.1" 200 17
0:0:0:0:0:0:0:1 - - [08/Jan/2018:16:51:11 +0800] "POST /XmlTest/XMl/XXEInject HTTP/1.1" 200 17
0:0:0:0:0:0:0:1 - - [08/Jan/2018:16:51:11 +0800] "POST /XmlTest/XMl/XXEInject HTTP/1.1" 200 17
0:0:0:0:0:0:0:1 - - [08/Jan/2018:16:51:12 +0800] "POST /XmlTest/XMl/XXEInject HTTP/1.1" 200 17
0:0:0:0:0:0:0:1 - - [08/Jan/2018:16:51:44 +0800] "POST /XmlTest/XMl/XXEInject HTTP/1.1" 200 17
0:0:0:0:0:0:0:1 - - [08/Jan/2018:16:51:44 +0800] "POST /XmlTest/XMl/XXEInject HTTP/1.1" 200 17
0:0:0:0:0:0:0:1 - - [08/Jan/2018:16:51:44 +0800] "POST /XmlTest/XMl/XXEInject HTTP/1.1" 200 17
0:0:0:0:0:0:0:1 - - [08/Jan/2018:16:51:44 +0800] "POST /XmlTest/XMl/XXEInject HTTP/1.1" 200 17
0:0:0:0:0:0:0:1 - - [08/Jan/2018:16:53:35 +0800] "POST /XmlTest/XMl/XXEInject HTTP/1.1" 200 17
0:0:0:0:0:0:0:1 - - [08/Jan/2018:16:53:57 +0800] "POST /XmlTest/XMl/XXEInject HTTP/1.1" 200 17
0:0:0:0:0:0:0:1 - - [08/Jan/2018:16:54:06 +0800] "POST /XmlTest/XMl/XXEInject HTTP/1.1" 200 17
0:0:0:0:0:0:0:1 - - [08/Jan/2018:16:54:06 +0800] "POST /XmlTest/XMl/XXEInject HTTP/1.1" 200 17
0:0:0:0:0:0:0:1 - - [08/Jan/2018:16:54:06 +0800] "POST /XmlTest/XMl/XXEInject HTTP/1.1" 200 17
0:0:0:0:0:0:0:1 - - [08/Jan/2018:16:54:18 +0800] "POST /XmlTest/XMl/XXEInject HTTP/1.1" 200 17
0:0:0:0:0:0:0:1 - - [08/Jan/2018:16:54:18 +0800] "POST /XmlTest/XMl/XXEInject HTTP/1.1" 200 17
0:0:0:0:0:0:0:1 - - [08/Jan/2018:16:54:18 +0800] "POST /XmlTest/XMl/XXEInject HTTP/1.1" 200 17
0:0:0:0:0:0:0:1 - - [08/Jan/2018:16:59:52 +0800] "POST /XmlTest/XMl/XXEInject HTTP/1.1" 200 17
0:0:0:0:0:0:0:1 - - [08/Jan/2018:16:59:52 +0800] "POST /XmlTest/XMl/XXEInject HTTP/1.1" 200 17
0:0:0:0:0:0:0:1 - - [08/Jan/2018:16:59:52 +0800] "POST /XmlTest/XMl/XXEInject HTTP/1.1" 200 17
0:0:0:0:0:0:0:1 - - [08/Jan/2018:16:59:52 +0800] "POST /XmlTest/XMl/XXEInject HTTP/1.1" 200 17
0:0:0:0:0:0:0:1 - - [08/Jan/2018:17:00:45 +0800] "POST /XmlTest/XMl/XXEInject HTTP/1.1" 200 17
0:0:0:0:0:0:0:1 - - [08/Jan/2018:17:01:02 +0800] "POST /XmlTest/XMl/XXEInject HTTP/1.1" 200 17
0:0:0:0:0:0:0:1 - - [08/Jan/2018:17:01:12 +0800] "POST /XmlTest/XMl/XXEInject HTTP/1.1" 200 17
0:0:0:0:0:0:0:1 - - [08/Jan/2018:17:02:04 +0800] "POST /XmlTest/XMl/XXEInject HTTP/1.1" 200 17
0:0:0:0:0:0:0:1 - - [08/Jan/2018:17:02:14 +0800] "POST /XmlTest/XMl/XXEInject HTTP/1.1" 200 17
0:0:0:0:0:0:0:1 - - [08/Jan/2018:17:02:51 +0800] "POST /XmlTest/XMl/XXEInject HTTP/1.1" 200 17
0:0:0:0:0:0:0:1 - - [08/Jan/2018:17:03:24 +0800] "POST /XmlTest/XMl/XXEInject HTTP/1.1" 200 17
0:0:0:0:0:0:0:1 - - [08/Jan/2018:17:03:27 +0800] "POST /XmlTest/XMl/XXEInject HTTP/1.1" 200 17
0:0:0:0:0:0:0:1 - - [08/Jan/2018:17:03:28 +0800] "POST /XmlTest/XMl/XXEInject HTTP/1.1" 200 17
0:0:0:0:0:0:0:1 - - [08/Jan/2018:17:03:28 +0800] "POST /XmlTest/XMl/XXEInject HTTP/1.1" 200 17
0:0:0:0:0:0:0:1 - - [08/Jan/2018:17:03:28 +0800] "POST /XmlTest/XMl/XXEInject HTTP/1.1" 200 17
0:0:0:0:0:0:0:1 - - [08/Jan/2018:17:03:28 +0800] "POST /XmlTest/XMl/XXEInject HTTP/1.1" 200 17
0:0:0:0:0:0:0:1 - - [08/Jan/2018:17:04:51 +0800] "POST /XmlTest/XMl/XXEInject HTTP/1.1" 200 17
0:0:0:0:0:0:0:1 - - [08/Jan/2018:17:05:41 +0800] "POST /XmlTest/XMl/XXEInject HTTP/1.1" 200 17
0:0:0:0:0:0:0:1 - - [08/Jan/2018:17:07:08 +0800] "POST /XmlTest/XMl/XXEInject HTTP/1.1" 200 17
0:0:0:0:0:0:0:1 - - [08/Jan/2018:17:07:32 +0800] "POST /XmlTest/XMl/XXEInject HTTP/1.1" 200 281
0:0:0:0:0:0:0:1 - - [08/Jan/2018:17:07:41 +0800] "POST /XmlTest/XMl/XXEInject HTTP/1.1" 200 110
0:0:0:0:0:0:0:1 - - [08/Jan/2018:22:13:32 +0800] "GET / HTTP/1.1" 404 306
0:0:0:0:0:0:0:1 - - [08/Jan/2018:22:13:32 +0800] "GET /favicon.ico HTTP/1.1" 200 946
0:0:0:0:0:0:0:1 - - [08/Jan/2018:22:13:49 +0800] "POST /XmlTest/XMl/XXEInject HTTP/1.1" 200 17
0:0:0:0:0:0:0:1 - - [08/Jan/2018:22:13:52 +0800] "POST /XmlTest/XMl/XXEInject HTTP/1.1" 200 17
0:0:0:0:0:0:0:1 - - [08/Jan/2018:22:14:11 +0800] "POST /XmlTest/XMl/XXEInject HTTP/1.1" 200 17
0:0:0:0:0:0:0:1 - - [08/Jan/2018:22:14:11 +0800] "POST /XmlTest/XMl/XXEInject HTTP/1.1" 200 17
0:0:0:0:0:0:0:1 - - [08/Jan/2018:22:14:11 +0800] "POST /XmlTest/XMl/XXEInject HTTP/1.1" 200 17
0:0:0:0:0:0:0:1 - - [08/Jan/2018:22:14:12 +0800] "POST /XmlTest/XMl/XXEInject HTTP/1.1" 200 17
0:0:0:0:0:0:0:1 - - [08/Jan/2018:22:14:12 +0800] "POST /XmlTest/XMl/XXEInject HTTP/1.1" 200 17
0:0:0:0:0:0:0:1 - - [08/Jan/2018:22:14:12 +0800] "POST /XmlTest/XMl/XXEInject HTTP/1.1" 200 17
0:0:0:0:0:0:0:1 - - [08/Jan/2018:22:19:37 +0800] "POST /XmlTest/XMl/XXEInject HTTP/1.1" 200 17
0:0:0:0:0:0:0:1 - - [08/Jan/2018:22:19:46 +0800] "POST /XmlTest/XMl/XXEInject HTTP/1.1" 200 17
0:0:0:0:0:0:0:1 - - [08/Jan/2018:22:19:46 +0800] "POST /XmlTest/XMl/XXEInject HTTP/1.1" 200 17
0:0:0:0:0:0:0:1 - - [08/Jan/2018:22:21:48 +0800] "POST /XmlTest/XMl/XXEInject HTTP/1.1" 200 17
0:0:0:0:0:0:0:1 - - [08/Jan/2018:22:22:29 +0800] "POST /XmlTest/XMl/XXEInject HTTP/1.1" 200 17
0:0:0:0:0:0:0:1 - - [08/Jan/2018:22:24:12 +0800] "POST /XmlTest/XMl/XXEInject HTTP/1.1" 200 17
0:0:0:0:0:0:0:1 - - [08/Jan/2018:22:24:12 +0800] "POST /XmlTest/XMl/XXEInject HTTP/1.1" 200 17
0:0:0:0:0:0:0:1 - - [08/Jan/2018:22:25:03 +0800] "POST /XmlTest/XMl/XXEInject HTTP/1.1" 200 110
0:0:0:0:0:0:0:1 - - [08/Jan/2018:22:40:17 +0800] "POST /Exec/Exec/ExecCommand HTTP/1.1" 200 36
0:0:0:0:0:0:0:1 - - [08/Jan/2018:22:41:12 +0800] "POST /Exec/Exec/ExecCommand HTTP/1.1" 200 609
0:0:0:0:0:0:0:1 - - [08/Jan/2018:22:42:00 +0800] "POST /Exec/Exec/ExecCommand HTTP/1.1" 200 550
0:0:0:0:0:0:0:1 - - [08/Jan/2018:22:55:29 +0800] "POST /Exec/Exec/ExecCommand HTTP/1.1" 404 306
0:0:0:0:0:0:0:1 - - [08/Jan/2018:22:55:30 +0800] "POST /Exec/Exec/ExecCommand HTTP/1.1" 404 306
0:0:0:0:0:0:0:1 - - [08/Jan/2018:22:55:36 +0800] "POST /Exec/Exec/ExecInjext HTTP/1.1" 404 306
0:0:0:0:0:0:0:1 - - [08/Jan/2018:22:55:45 +0800] "POST /Exec/Exec/ExecInject HTTP/1.1" 200 498
0:0:0:0:0:0:0:1 - - [08/Jan/2018:22:57:54 +0800] "POST /Exec/Exec/ExecInject HTTP/1.1" 200 498
0:0:0:0:0:0:0:1 - - [08/Jan/2018:22:57:55 +0800] "POST /Exec/Exec/ExecInject HTTP/1.1" 200 498
0:0:0:0:0:0:0:1 - - [08/Jan/2018:22:57:57 +0800] "POST /Exec/Exec/ExecInject HTTP/1.1" 200 494
0:0:0:0:0:0:0:1 - - [08/Jan/2018:22:58:00 +0800] "POST /Exec/Exec/ExecInject HTTP/1.1" 200 292
0:0:0:0:0:0:0:1 - - [08/Jan/2018:22:58:00 +0800] "POST /Exec/Exec/ExecInject HTTP/1.1" 200 292
0:0:0:0:0:0:0:1 - - [08/Jan/2018:22:58:04 +0800] "POST /Exec/Exec/ExecFormat HTTP/1.1" 200 36
0:0:0:0:0:0:0:1 - - [08/Jan/2018:22:58:05 +0800] "POST /Exec/Exec/ExecFormat HTTP/1.1" 200 36
